{"name": "test_vwo_login_positive", "status": "broken", "statusDetails": {"message": "seleniumpagefactory.Pagefactory.ElementNotFoundException: An exception of type TimeoutException occurred. With Element -: username_logged_in - locator: (xpath, //span[@data-qa='lufexuloga'])", "trace": "self = <tests.pageObjects.pageFactory.dashboardPage_pf.DashboardPage object at 0x000001E54CF0B530>, loc = 'username_logged_in'\n\n    def __getattr__(self, loc):\n    \n        if self.mobile_test == True:\n            if loc in self.locators.keys():\n                element = self.find_element_by_accessibility_id(self.locators[loc][1])\n                return element\n        else:\n            if loc in self.locators.keys():\n                locator = (self.TYPE_OF_LOCATORS[self.locators[loc][0].lower()], self.locators[loc][1])\n                try:\n>                   element = WebDriverWait(self.driver, self.timeout).until(\n                        EC.presence_of_element_located(locator)\n                    )\n\n.venv\\Lib\\site-packages\\seleniumpagefactory\\Pagefactory.py:58: \n_ _ _ _ _ _ _ _ _ _ _ _ _ _ _ _ _ _ _ _ _ _ _ _ _ _ _ _ _ _ _ _ _ _ _ _ _ _ _ _ _ _ _ _ _ _ _ _ _ _ _ _ _ _ _ _ _ _ _ _ _ _ _ _ _ _ _ _ _ _ _ \n\nself = <selenium.webdriver.support.wait.WebDriverWait (session=\"4302657ea73fa2e68e95721f0a154ad4\")>\nmethod = <function presence_of_element_located.<locals>._predicate at 0x000001E54CF03CE0>, message = ''\n\n    def until(self, method: Callable[[D], Union[Literal[False], T]], message: str = \"\") -> T:\n        \"\"\"Calls the method provided with the driver as an argument until the \\\n        return value does not evaluate to ``False``.\n    \n        :param method: callable(WebDriver)\n        :param message: optional message for :exc:`TimeoutException`\n        :returns: the result of the last call to `method`\n        :raises: :exc:`selenium.common.exceptions.TimeoutException` if timeout occurs\n        \"\"\"\n        screen = None\n        stacktrace = None\n    \n        end_time = time.monotonic() + self._timeout\n        while True:\n            try:\n                value = method(self._driver)\n                if value:\n                    return value\n            except self._ignored_exceptions as exc:\n                screen = getattr(exc, \"screen\", None)\n                stacktrace = getattr(exc, \"stacktrace\", None)\n            time.sleep(self._poll)\n            if time.monotonic() > end_time:\n                break\n>       raise TimeoutException(message, screen, stacktrace)\nE       selenium.common.exceptions.TimeoutException: Message: \nE       Stacktrace:\nE       \tGetHandleVerifier [0x00007FF7BE953A22+10594]\nE       \tMicrosoft::Applications::Events::ILogConfiguration::operator* [0x00007FF7BE8F0449+323353]\nE       \t(No symbol) [0x00007FF7BE70F16E]\nE       \t(No symbol) [0x00007FF7BE75656E]\nE       \t(No symbol) [0x00007FF7BE7565F5]\nE       \t(No symbol) [0x00007FF7BE794157]\nE       \t(No symbol) [0x00007FF7BE777BBF]\nE       \t(No symbol) [0x00007FF7BE74BEDD]\nE       \t(No symbol) [0x00007FF7BE791B07]\nE       \t(No symbol) [0x00007FF7BE7777E3]\nE       \t(No symbol) [0x00007FF7BE74B3EC]\nE       \t(No symbol) [0x00007FF7BE74A8CD]\nE       \t(No symbol) [0x00007FF7BE74AFB1]\nE       \tMicrosoft::Applications::Events::EventProperty::empty [0x00007FF7BEADE4C4+918756]\nE       \tMicrosoft::Applications::Events::EventProperty::~EventProperty [0x00007FF7BE87C9BF+54575]\nE       \tMicrosoft::Applications::Events::EventProperty::~EventProperty [0x00007FF7BE86F557+199]\nE       \tMicrosoft::Applications::Events::EventProperty::empty [0x00007FF7BEADD24D+914029]\nE       \tMicrosoft::Applications::Events::ILogConfiguration::operator* [0x00007FF7BE8F7ED1+354721]\nE       \tMicrosoft::Applications::Events::ILogConfiguration::operator* [0x00007FF7BE8F4384+339540]\nE       \tMicrosoft::Applications::Events::ILogConfiguration::operator* [0x00007FF7BE8F44B9+339849]\nE       \tMicrosoft::Applications::Events::ILogConfiguration::operator* [0x00007FF7BE8EAD7C+301132]\nE       \tBaseThreadInitThunk [0x00007FFC337A257D+29]\nE       \tRtlUserThreadStart [0x00007FFC348CAF28+40]\n\n.venv\\Lib\\site-packages\\selenium\\webdriver\\support\\wait.py:105: TimeoutException\n\nDuring handling of the above exception, another exception occurred:\n\nself = <tests.test.vwoLoginTests.test_vwo_login_pf.TestVWOLogin object at 0x000001E54CF30050>\nsetup = <selenium.webdriver.edge.webdriver.WebDriver (session=\"4302657ea73fa2e68e95721f0a154ad4\")>\n\n    @pytest.mark.usefixtures(\"setup\")\n    @pytest.mark.qa\n    def test_vwo_login_positive(self, setup):\n        LOGGER = logging.getLogger(__name__)\n        LOGGER.info(\"Starting the Testcase\")\n        driver = setup\n        driver.get(Constants.app_url())\n        login_page = LoginPage(driver)\n        login_page.login_to_vwo(username=self.username, pwd=self.password)\n        dashboard_page = DashboardPage(driver)\n>       username = dashboard_page.user_logged_in_text()\n\ntests\\test\\vwoLoginTests\\test_vwo_login_pf.py:46: \n_ _ _ _ _ _ _ _ _ _ _ _ _ _ _ _ _ _ _ _ _ _ _ _ _ _ _ _ _ _ _ _ _ _ _ _ _ _ _ _ _ _ _ _ _ _ _ _ _ _ _ _ _ _ _ _ _ _ _ _ _ _ _ _ _ _ _ _ _ _ _ \ntests\\pageObjects\\pageFactory\\dashboardPage_pf.py:19: in user_logged_in_text\n    return self.username_logged_in.get_text()\n_ _ _ _ _ _ _ _ _ _ _ _ _ _ _ _ _ _ _ _ _ _ _ _ _ _ _ _ _ _ _ _ _ _ _ _ _ _ _ _ _ _ _ _ _ _ _ _ _ _ _ _ _ _ _ _ _ _ _ _ _ _ _ _ _ _ _ _ _ _ _ \n\nself = <tests.pageObjects.pageFactory.dashboardPage_pf.DashboardPage object at 0x000001E54CF0B530>, loc = 'username_logged_in'\n\n    def __getattr__(self, loc):\n    \n        if self.mobile_test == True:\n            if loc in self.locators.keys():\n                element = self.find_element_by_accessibility_id(self.locators[loc][1])\n                return element\n        else:\n            if loc in self.locators.keys():\n                locator = (self.TYPE_OF_LOCATORS[self.locators[loc][0].lower()], self.locators[loc][1])\n                try:\n                    element = WebDriverWait(self.driver, self.timeout).until(\n                        EC.presence_of_element_located(locator)\n                    )\n                except (StaleElementReferenceException, NoSuchElementException, TimeoutException) as e:\n>                   raise ElementNotFoundException(\n                        \"An exception of type \" + type(e).__name__ +\n                        \" occurred. With Element -: \" + loc +\n                        \" - locator: (\" + locator[0] + \", \" + locator[1] + \")\"\n                    )\nE                   seleniumpagefactory.Pagefactory.ElementNotFoundException: An exception of type TimeoutException occurred. With Element -: username_logged_in - locator: (xpath, //span[@data-qa='lufexuloga'])\n\n.venv\\Lib\\site-packages\\seleniumpagefactory\\Pagefactory.py:62: ElementNotFoundException"}, "start": 1726209248231, "stop": 1726209264708, "uuid": "a61fd85f-2232-4223-b950-2ead87012737", "historyId": "6109efe96f903dc20f391c57b0ade122", "testCaseId": "6109efe96f903dc20f391c57b0ade122", "fullName": "tests.test.vwoLoginTests.test_vwo_login_pf.TestVWOLogin#test_vwo_login_positive", "labels": [{"name": "feature", "value": "Login Test"}, {"name": "epic", "value": "VWO App"}, {"name": "tag", "value": "qa"}, {"name": "tag", "value": "@pytest.mark.usefixtures('setup')"}, {"name": "parentSuite", "value": "tests.test.vwoLoginTests"}, {"name": "suite", "value": "test_vwo_login_pf"}, {"name": "subSuite", "value": "TestVWOLogin"}, {"name": "host", "value": "Chaitra"}, {"name": "thread", "value": "22044-MainThread"}, {"name": "framework", "value": "pytest"}, {"name": "language", "value": "cpython3"}, {"name": "package", "value": "tests.test.vwoLoginTests.test_vwo_login_pf"}]}